[1.135s] Invoking command in '/home/yamashita/plugins/build/motor_gazebo_plugin': CMAKE_PREFIX_PATH=${CMAKE_PREFIX_PATH}:/home/yamashita/gazebo_ws/install/ros2_first_pkg:/opt/ros/foxy /usr/bin/cmake --build /home/yamashita/plugins/build/motor_gazebo_plugin -- -j12 -l12
[1.186s] [35m[1mScanning dependencies of target motor_gazebo_plugin[0m
[1.250s] [ 50%] [32mBuilding CXX object CMakeFiles/motor_gazebo_plugin.dir/src/motor_gazebo_plugin.cpp.o[0m
[7.829s] In file included from [01m[K/opt/ros/foxy/include/rclcpp/service.hpp:34[m[K,
[7.829s]                  from [01m[K/opt/ros/foxy/include/rclcpp/callback_group.hpp:25[m[K,
[7.829s]                  from [01m[K/opt/ros/foxy/include/rclcpp/any_executable.hpp:20[m[K,
[7.829s]                  from [01m[K/opt/ros/foxy/include/rclcpp/memory_strategy.hpp:24[m[K,
[7.829s]                  from [01m[K/opt/ros/foxy/include/rclcpp/memory_strategies.hpp:18[m[K,
[7.829s]                  from [01m[K/opt/ros/foxy/include/rclcpp/executor_options.hpp:20[m[K,
[7.829s]                  from [01m[K/opt/ros/foxy/include/rclcpp/executor.hpp:33[m[K,
[7.829s]                  from [01m[K/opt/ros/foxy/include/rclcpp/executors/multi_threaded_executor.hpp:26[m[K,
[7.830s]                  from [01m[K/opt/ros/foxy/include/rclcpp/executors.hpp:21[m[K,
[7.830s]                  from [01m[K/opt/ros/foxy/include/rclcpp/rclcpp.hpp:146[m[K,
[7.830s]                  from [01m[K/opt/ros/foxy/include/gazebo_ros/node.hpp:18[m[K,
[7.830s]                  from [01m[K/home/yamashita/plugins/src/motor_gazebo_plugin/src/motor_gazebo_plugin.cpp:4[m[K:
[7.830s] [01m[K/home/yamashita/plugins/src/motor_gazebo_plugin/src/motor_gazebo_plugin.cpp:[m[K In member function â€˜[01m[Kvoid gazebo::MotorGazeboPluginPrivate::PublishStatus()[m[Kâ€™:
[7.830s] [01m[K/home/yamashita/plugins/src/motor_gazebo_plugin/src/motor_gazebo_plugin.cpp:99:21:[m[K [01;31m[Kerror: [m[Kâ€˜[01m[Kimpl_[m[Kâ€™ was not declared in this scope; did you mean â€˜[01m[Kmpl_[m[Kâ€™?
[7.830s]    99 |         RCLCPP_INFO([01;31m[Kimpl_[m[K->ros_node_->get_logger(), "publish!!!!");
[7.830s]       |                     [01;31m[K^~~~~[m[K
[7.830s] [01m[K/home/yamashita/plugins/src/motor_gazebo_plugin/src/motor_gazebo_plugin.cpp:99:9:[m[K [01;31m[Kerror: [m[Ktemplate argument 1 is invalid
[7.830s]    99 |         [01;31m[KRCLCPP_INFO[m[K(impl_->ros_node_->get_logger(), "publish!!!!");
[7.830s]       |         [01;31m[K^~~~~~~~~~~[m[K
[7.830s] [01m[K/home/yamashita/plugins/src/motor_gazebo_plugin/src/motor_gazebo_plugin.cpp:99:9:[m[K [01;31m[Kerror: [m[Ktemplate argument 1 is invalid
[7.830s]    99 |         [01;31m[KRCLCPP_INFO[m[K(impl_->ros_node_->get_logger(), "publish!!!!");
[7.830s]       |         [01;31m[K^~~~~~~~~~~[m[K
[7.830s] [01m[K/home/yamashita/plugins/src/motor_gazebo_plugin/src/motor_gazebo_plugin.cpp:99:9:[m[K [01;31m[Kerror: [m[Ktemplate argument 1 is invalid
[7.830s]    99 |         [01;31m[KRCLCPP_INFO[m[K(impl_->ros_node_->get_logger(), "publish!!!!");
[7.830s]       |         [01;31m[K^~~~~~~~~~~[m[K
[11.780s] make[2]: *** [CMakeFiles/motor_gazebo_plugin.dir/build.make:63: CMakeFiles/motor_gazebo_plugin.dir/src/motor_gazebo_plugin.cpp.o] Error 1
[11.781s] make[1]: *** [CMakeFiles/Makefile2:78: CMakeFiles/motor_gazebo_plugin.dir/all] Error 2
[11.781s] make: *** [Makefile:141: all] Error 2
[11.784s] Invoked command in '/home/yamashita/plugins/build/motor_gazebo_plugin' returned '2': CMAKE_PREFIX_PATH=${CMAKE_PREFIX_PATH}:/home/yamashita/gazebo_ws/install/ros2_first_pkg:/opt/ros/foxy /usr/bin/cmake --build /home/yamashita/plugins/build/motor_gazebo_plugin -- -j12 -l12
