[01m[K/home/yamashita/plugins/src/motor_gazebo_plugin/src/motor_gazebo_plugin.cpp:[m[K In member function â€˜[01m[Kvoid gazebo::MotorGazeboPluginPrivate::OnUpdate()[m[Kâ€™:
[01m[K/home/yamashita/plugins/src/motor_gazebo_plugin/src/motor_gazebo_plugin.cpp:85:40:[m[K [01;31m[Kerror: [m[Kâ€˜[01m[Kclass rclcpp::Duration[m[Kâ€™ has no member named â€˜[01m[Knanosecond[m[Kâ€™; did you mean â€˜[01m[Knanoseconds[m[Kâ€™?
   85 |         if ((now - last_publish_time_).[01;31m[Knanosecond[m[K >= rclcpp::Duration(0, update_ns_)::nanosecond) {
      |                                        [01;31m[K^~~~~~~~~~[m[K
      |                                        [32m[Knanoseconds[m[K
[01m[K/home/yamashita/plugins/src/motor_gazebo_plugin/src/motor_gazebo_plugin.cpp:85:85:[m[K [01;31m[Kerror: [m[Kexpected â€˜[01m[K)[m[Kâ€™ before â€˜[01m[K::[m[Kâ€™ token
   85 |         if [34m[K([m[K(now - last_publish_time_).nanosecond >= rclcpp::Duration(0, update_ns_)[01;31m[K:[m[K[32m[K:[m[Knanosecond) {
      |            [34m[K~[m[K                                                                        [01;31m[K^[m[K[32m[K~[m[K
      |                                                                                     [32m[K)[m[K
make[2]: *** [CMakeFiles/motor_gazebo_plugin.dir/build.make:63: CMakeFiles/motor_gazebo_plugin.dir/src/motor_gazebo_plugin.cpp.o] Error 1
make[1]: *** [CMakeFiles/Makefile2:78: CMakeFiles/motor_gazebo_plugin.dir/all] Error 2
make: *** [Makefile:141: all] Error 2
