[0.904s] Invoking command in '/home/yamashita/plugins/build/motor_gazebo_plugin': CMAKE_PREFIX_PATH=${CMAKE_PREFIX_PATH}:/home/yamashita/gazebo_ws/install/ros2_first_pkg:/opt/ros/foxy /usr/bin/cmake --build /home/yamashita/plugins/build/motor_gazebo_plugin -- -j12 -l12
[0.940s] [35m[1mScanning dependencies of target motor_gazebo_plugin[0m
[0.996s] [ 50%] [32mBuilding CXX object CMakeFiles/motor_gazebo_plugin.dir/src/motor_gazebo_plugin.cpp.o[0m
[5.502s] [01m[K/home/yamashita/plugins/src/motor_gazebo_plugin/src/motor_gazebo_plugin.cpp:[m[K In member function â€˜[01m[Kvoid gazebo::MotorGazeboPluginPrivate::OnUpdate()[m[Kâ€™:
[5.502s] [01m[K/home/yamashita/plugins/src/motor_gazebo_plugin/src/motor_gazebo_plugin.cpp:85:40:[m[K [01;31m[Kerror: [m[Kâ€˜[01m[Kclass rclcpp::Duration[m[Kâ€™ has no member named â€˜[01m[Knanosecond[m[Kâ€™; did you mean â€˜[01m[Knanoseconds[m[Kâ€™?
[5.502s]    85 |         if ((now - last_publish_time_).[01;31m[Knanosecond[m[K >= rclcpp::Duration(0, update_ns_)::nanosecond) {
[5.502s]       |                                        [01;31m[K^~~~~~~~~~[m[K
[5.502s]       |                                        [32m[Knanoseconds[m[K
[5.502s] [01m[K/home/yamashita/plugins/src/motor_gazebo_plugin/src/motor_gazebo_plugin.cpp:85:85:[m[K [01;31m[Kerror: [m[Kexpected â€˜[01m[K)[m[Kâ€™ before â€˜[01m[K::[m[Kâ€™ token
[5.503s]    85 |         if [34m[K([m[K(now - last_publish_time_).nanosecond >= rclcpp::Duration(0, update_ns_)[01;31m[K:[m[K[32m[K:[m[Knanosecond) {
[5.503s]       |            [34m[K~[m[K                                                                        [01;31m[K^[m[K[32m[K~[m[K
[5.503s]       |                                                                                     [32m[K)[m[K
[8.194s] make[2]: *** [CMakeFiles/motor_gazebo_plugin.dir/build.make:63: CMakeFiles/motor_gazebo_plugin.dir/src/motor_gazebo_plugin.cpp.o] Error 1
[8.195s] make[1]: *** [CMakeFiles/Makefile2:78: CMakeFiles/motor_gazebo_plugin.dir/all] Error 2
[8.195s] make: *** [Makefile:141: all] Error 2
[8.200s] Invoked command in '/home/yamashita/plugins/build/motor_gazebo_plugin' returned '2': CMAKE_PREFIX_PATH=${CMAKE_PREFIX_PATH}:/home/yamashita/gazebo_ws/install/ros2_first_pkg:/opt/ros/foxy /usr/bin/cmake --build /home/yamashita/plugins/build/motor_gazebo_plugin -- -j12 -l12
