[0.345s] Invoking command in '/home/yamashita/plugins/build/motor_gazebo_plugin': CMAKE_PREFIX_PATH=${CMAKE_PREFIX_PATH}:/home/yamashita/gazebo_ws/install/ros2_first_pkg:/opt/ros/foxy /usr/bin/cmake --build /home/yamashita/plugins/build/motor_gazebo_plugin -- -j12 -l12
[0.380s] [35m[1mScanning dependencies of target motor_gazebo_plugin[0m
[0.431s] [ 50%] [32mBuilding CXX object CMakeFiles/motor_gazebo_plugin.dir/src/motor_gazebo_plugin.cpp.o[0m
[5.010s] [01m[K/home/yamashita/plugins/src/motor_gazebo_plugin/src/motor_gazebo_plugin.cpp:32:21:[m[K [01;31m[Kerror: [m[Kâ€˜[01m[KSubscribe[m[Kâ€™ in namespace â€˜[01m[Krclcpp[m[Kâ€™ does not name a template type
[5.010s]    32 |             rclcpp::[01;31m[KSubscribe[m[K<std_msgs::msg::Float32>::SharedPtr msg_sub_;      // Subscriber.
[5.010s]       |                     [01;31m[K^~~~~~~~~[m[K
[5.030s] [01m[K/home/yamashita/plugins/src/motor_gazebo_plugin/src/motor_gazebo_plugin.cpp:[m[K In constructor â€˜[01m[Kgazebo::MotorGazeboPlugin::MotorGazeboPlugin()[m[Kâ€™:
[5.030s] [01m[K/home/yamashita/plugins/src/motor_gazebo_plugin/src/motor_gazebo_plugin.cpp:43:30:[m[K [01;31m[Kerror: [m[Kâ€˜[01m[KROS2ConveyorBeltPluginPrivate[m[Kâ€™ was not declared in this scope
[5.030s]    43 |     : impl_(std::make_unique<[01;31m[KROS2ConveyorBeltPluginPrivate[m[K>())
[5.030s]       |                              [01;31m[K^~~~~~~~~~~~~~~~~~~~~~~~~~~~~[m[K
[5.030s] [01m[K/home/yamashita/plugins/src/motor_gazebo_plugin/src/motor_gazebo_plugin.cpp:43:61:[m[K [01;31m[Kerror: [m[Kno matching function for call to â€˜[01m[Kmake_unique<<expression error> >()[m[Kâ€™
[5.030s]    43 |     : impl_(std::make_unique<ROS2ConveyorBeltPluginPrivate>([01;31m[K)[m[K)
[5.030s]       |                                                             [01;31m[K^[m[K
[5.031s] In file included from [01m[K/usr/include/c++/9/memory:80[m[K,
[5.031s]                  from [01m[K/usr/include/boost/function/function_base.hpp:16[m[K,
[5.031s]                  from [01m[K/usr/include/boost/function/detail/prologue.hpp:17[m[K,
[5.031s]                  from [01m[K/usr/include/boost/function.hpp:30[m[K,
[5.031s]                  from [01m[K/usr/include/gazebo-11/gazebo/physics/Model.hh:24[m[K,
[5.031s]                  from [01m[K/home/yamashita/plugins/src/motor_gazebo_plugin/src/motor_gazebo_plugin.cpp:1[m[K:
[5.031s] [01m[K/usr/include/c++/9/bits/unique_ptr.h:856:5:[m[K [01;36m[Knote: [m[Kcandidate: â€˜[01m[Ktemplate<class _Tp, class ... _Args> typename std::_MakeUniq<_Tp>::__single_object std::make_unique(_Args&& ...)[m[Kâ€™
[5.031s]   856 |     [01;36m[Kmake_unique[m[K(_Args&&... __args)
[5.031s]       |     [01;36m[K^~~~~~~~~~~[m[K
[5.031s] [01m[K/usr/include/c++/9/bits/unique_ptr.h:856:5:[m[K [01;36m[Knote: [m[K  template argument deduction/substitution failed:
[5.031s] [01m[K/home/yamashita/plugins/src/motor_gazebo_plugin/src/motor_gazebo_plugin.cpp:43:61:[m[K [01;31m[Kerror: [m[Ktemplate argument 1 is invalid
[5.031s]    43 |     : impl_(std::make_unique<ROS2ConveyorBeltPluginPrivate>([01;31m[K)[m[K)
[5.031s]       |                                                             [01;31m[K^[m[K
[5.032s] In file included from [01m[K/usr/include/c++/9/memory:80[m[K,
[5.032s]                  from [01m[K/usr/include/boost/function/function_base.hpp:16[m[K,
[5.032s]                  from [01m[K/usr/include/boost/function/detail/prologue.hpp:17[m[K,
[5.032s]                  from [01m[K/usr/include/boost/function.hpp:30[m[K,
[5.032s]                  from [01m[K/usr/include/gazebo-11/gazebo/physics/Model.hh:24[m[K,
[5.032s]                  from [01m[K/home/yamashita/plugins/src/motor_gazebo_plugin/src/motor_gazebo_plugin.cpp:1[m[K:
[5.032s] [01m[K/usr/include/c++/9/bits/unique_ptr.h:862:5:[m[K [01;36m[Knote: [m[Kcandidate: â€˜[01m[Ktemplate<class _Tp> typename std::_MakeUniq<_Tp>::__array std::make_unique(std::size_t)[m[Kâ€™
[5.032s]   862 |     [01;36m[Kmake_unique[m[K(size_t __num)
[5.032s]       |     [01;36m[K^~~~~~~~~~~[m[K
[5.032s] [01m[K/usr/include/c++/9/bits/unique_ptr.h:862:5:[m[K [01;36m[Knote: [m[K  template argument deduction/substitution failed:
[5.032s] [01m[K/home/yamashita/plugins/src/motor_gazebo_plugin/src/motor_gazebo_plugin.cpp:43:61:[m[K [01;31m[Kerror: [m[Ktemplate argument 1 is invalid
[5.032s]    43 |     : impl_(std::make_unique<ROS2ConveyorBeltPluginPrivate>([01;31m[K)[m[K)
[5.032s]       |                                                             [01;31m[K^[m[K
[5.032s] In file included from [01m[K/usr/include/c++/9/memory:80[m[K,
[5.033s]                  from [01m[K/usr/include/boost/function/function_base.hpp:16[m[K,
[5.033s]                  from [01m[K/usr/include/boost/function/detail/prologue.hpp:17[m[K,
[5.033s]                  from [01m[K/usr/include/boost/function.hpp:30[m[K,
[5.033s]                  from [01m[K/usr/include/gazebo-11/gazebo/physics/Model.hh:24[m[K,
[5.033s]                  from [01m[K/home/yamashita/plugins/src/motor_gazebo_plugin/src/motor_gazebo_plugin.cpp:1[m[K:
[5.033s] [01m[K/usr/include/c++/9/bits/unique_ptr.h:868:5:[m[K [01;36m[Knote: [m[Kcandidate: â€˜[01m[Ktemplate<class _Tp, class ... _Args> typename std::_MakeUniq<_Tp>::__invalid_type std::make_unique(_Args&& ...)[m[Kâ€™ <deleted>
[5.033s]   868 |     [01;36m[Kmake_unique[m[K(_Args&&...) = delete;
[5.033s]       |     [01;36m[K^~~~~~~~~~~[m[K
[5.033s] [01m[K/usr/include/c++/9/bits/unique_ptr.h:868:5:[m[K [01;36m[Knote: [m[K  template argument deduction/substitution failed:
[5.033s] [01m[K/home/yamashita/plugins/src/motor_gazebo_plugin/src/motor_gazebo_plugin.cpp:43:61:[m[K [01;31m[Kerror: [m[Ktemplate argument 1 is invalid
[5.033s]    43 |     : impl_(std::make_unique<ROS2ConveyorBeltPluginPrivate>([01;31m[K)[m[K)
[5.033s]       |                                                             [01;31m[K^[m[K
[5.033s] [01m[K/home/yamashita/plugins/src/motor_gazebo_plugin/src/motor_gazebo_plugin.cpp:[m[K At global scope:
[5.033s] [01m[K/home/yamashita/plugins/src/motor_gazebo_plugin/src/motor_gazebo_plugin.cpp:51:68:[m[K [01;31m[Kerror: [m[Kâ€˜[01m[Kstd::ElementPtr[m[Kâ€™ has not been declared
[5.034s]    51 |     void MotorGazeboPlugin::Load(gazebo::physics::ModelPtr _model, [01;31m[Kstd[m[K::ElementPtr _sdf)
[5.034s]       |                                                                    [01;31m[K^~~[m[K
[5.034s] [01m[K/home/yamashita/plugins/src/motor_gazebo_plugin/src/motor_gazebo_plugin.cpp:51:10:[m[K [01;31m[Kerror: [m[Kno declaration matches â€˜[01m[Kvoid gazebo::MotorGazeboPlugin::Load(gazebo::physics::ModelPtr, int)[m[Kâ€™
[5.034s]    51 |     void [01;31m[KMotorGazeboPlugin[m[K::Load(gazebo::physics::ModelPtr _model, std::ElementPtr _sdf)
[5.034s]       |          [01;31m[K^~~~~~~~~~~~~~~~~[m[K
[5.034s] In file included from [01m[K/home/yamashita/plugins/src/motor_gazebo_plugin/src/motor_gazebo_plugin.cpp:7[m[K:
[5.034s] [01m[K/home/yamashita/plugins/src/motor_gazebo_plugin/include/motor_gazebo_plugin/motor_gazebo_plugin.hpp:19:14:[m[K [01;36m[Knote: [m[Kcandidate is: â€˜[01m[Kvirtual void gazebo::MotorGazeboPlugin::Load(gazebo::physics::ModelPtr, sdf::v9::ElementPtr)[m[Kâ€™
[5.034s]    19 |         void [01;36m[KLoad[m[K(gazebo::physics::ModelPtr _model, sdf::ElementPtr _sdf) override;
[5.034s]       |              [01;36m[K^~~~[m[K
[5.034s] [01m[K/home/yamashita/plugins/src/motor_gazebo_plugin/include/motor_gazebo_plugin/motor_gazebo_plugin.hpp:9:11:[m[K [01;36m[Knote: [m[Kâ€˜[01m[Kclass gazebo::MotorGazeboPlugin[m[Kâ€™ defined here
[5.034s]     9 |     class [01;36m[KMotorGazeboPlugin[m[K : public gazebo::ModelPlugin
[5.034s]       |           [01;36m[K^~~~~~~~~~~~~~~~~[m[K
[5.034s] [01m[K/home/yamashita/plugins/src/motor_gazebo_plugin/src/motor_gazebo_plugin.cpp:79:10:[m[K [01;31m[Kerror: [m[Kno declaration matches â€˜[01m[Kvoid gazebo::MotorGazeboPluginPrivate::Onupdate()[m[Kâ€™
[5.034s]    79 |     void [01;31m[KMotorGazeboPluginPrivate[m[K::Onupdate(){
[5.035s]       |          [01;31m[K^~~~~~~~~~~~~~~~~~~~~~~~[m[K
[5.035s] [01m[K/home/yamashita/plugins/src/motor_gazebo_plugin/src/motor_gazebo_plugin.cpp:79:10:[m[K [01;36m[Knote: [m[Kno functions named â€˜[01m[Kvoid gazebo::MotorGazeboPluginPrivate::Onupdate()[m[Kâ€™
[5.035s] [01m[K/home/yamashita/plugins/src/motor_gazebo_plugin/src/motor_gazebo_plugin.cpp:14:11:[m[K [01;36m[Knote: [m[Kâ€˜[01m[Kclass gazebo::MotorGazeboPluginPrivate[m[Kâ€™ defined here
[5.035s]    14 |     class [01;36m[KMotorGazeboPluginPrivate[m[K{
[5.035s]       |           [01;36m[K^~~~~~~~~~~~~~~~~~~~~~~~[m[K
[5.035s] [01m[K/home/yamashita/plugins/src/motor_gazebo_plugin/src/motor_gazebo_plugin.cpp:96:10:[m[K [01;31m[Kerror: [m[Kno declaration matches â€˜[01m[Kvoid gazebo::MotorGazeboPluginPrivate::SubCallBack(std_msgs::msg::Float32)[m[Kâ€™
[5.035s]    96 |     void [01;31m[KMotorGazeboPluginPrivate[m[K::SubCallBack(std_msgs::msg::Float32 msg_){
[5.035s]       |          [01;31m[K^~~~~~~~~~~~~~~~~~~~~~~~[m[K
[5.035s] [01m[K/home/yamashita/plugins/src/motor_gazebo_plugin/src/motor_gazebo_plugin.cpp:31:18:[m[K [01;36m[Knote: [m[Kcandidate is: â€˜[01m[Kvoid gazebo::MotorGazeboPluginPrivate::SubCallBack()[m[Kâ€™
[5.035s]    31 |             void [01;36m[KSubCallBack[m[K();
[5.035s]       |                  [01;36m[K^~~~~~~~~~~[m[K
[5.035s] [01m[K/home/yamashita/plugins/src/motor_gazebo_plugin/src/motor_gazebo_plugin.cpp:14:11:[m[K [01;36m[Knote: [m[Kâ€˜[01m[Kclass gazebo::MotorGazeboPluginPrivate[m[Kâ€™ defined here
[5.035s]    14 |     class [01;36m[KMotorGazeboPluginPrivate[m[K{
[5.035s]       |           [01;36m[K^~~~~~~~~~~~~~~~~~~~~~~~[m[K
[6.348s] make[2]: *** [CMakeFiles/motor_gazebo_plugin.dir/build.make:63: CMakeFiles/motor_gazebo_plugin.dir/src/motor_gazebo_plugin.cpp.o] Error 1
[6.348s] make[1]: *** [CMakeFiles/Makefile2:78: CMakeFiles/motor_gazebo_plugin.dir/all] Error 2
[6.348s] make: *** [Makefile:141: all] Error 2
[6.351s] Invoked command in '/home/yamashita/plugins/build/motor_gazebo_plugin' returned '2': CMAKE_PREFIX_PATH=${CMAKE_PREFIX_PATH}:/home/yamashita/gazebo_ws/install/ros2_first_pkg:/opt/ros/foxy /usr/bin/cmake --build /home/yamashita/plugins/build/motor_gazebo_plugin -- -j12 -l12
